<?xml version="1.0" encoding="UTF-8"?>
<ExecutionResult xmlns="">
	<Start>2021-10-07T14:53:20</Start>
	<End>2021-10-07T14:53:30</End>
	<WebSettings>
		<BaseURL>http://localhost:8089/ParksJavaEnvironment/</BaseURL>
		<Browser>Chrome</Browser>
		<FileUploadBasePath/>
		<ScreenshotMode>OnError</ScreenshotMode>
		<HtmlMode>OnError</HtmlMode>
		<LogLevel/>
		<Arguments/>
		<FullPageScreenshot>false</FullPageScreenshot>
		<VerifyStopsExecution>true</VerifyStopsExecution>
	</WebSettings>
	<TestResults>
		<TestResult>
			<Name>WebUITest1</Name>
			<RetriesOnError>0</RetriesOnError>
			<ContinueOnError>true</ContinueOnError>
			<RetriesMade>0</RetriesMade>
			<Result>OK</Result>
			<TestType>Web</TestType>
			<Start>2021-10-07T14:53:20.402</Start>
			<End>2021-10-07T14:53:30.692</End>
			<ElapsedTime>10290</ElapsedTime>
			<Browser>Chrome</Browser>
			<BrowserVersion>94.0.4606.71</BrowserVersion>
			<ErrorMsg/>
			<ErrorStack/>
			<Steps>
				<Step>
					<Type>Command</Type>
					<Name>Go</Name>
					<NameAndParams>Go(https://www.google.com.uy)</NameAndParams>
					<Result>OK</Result>
					<Expected/>
					<Screenshot/>
					<Obtained/>
					<Html/>
					<Info/>
					<Elapsed>1723</Elapsed>
					<SourceLine/>
					<LineNumber>0</LineNumber>
				</Step>
				<Step>
					<Type>Command</Type>
					<Name>PauseFor</Name>
					<NameAndParams>PauseFor(5)</NameAndParams>
					<Result>OK</Result>
					<Expected/>
					<Screenshot/>
					<Obtained/>
					<Html/>
					<Info/>
					<Elapsed>5000</Elapsed>
					<SourceLine/>
					<LineNumber>0</LineNumber>
				</Step>
			</Steps>
		</TestResult>
	</TestResults>
</ExecutionResult>
